<?xml version="1.0" encoding="UTF-8"?>

<project name="test-gather" default="gather">

	<!-- note that the test is hard-coded to create the "test.loader" reference -->
    <taskdef name="gather.dependencies" classname="com.tibco.devtools.workspace.installer.tasks.GatherDependenciesTask"
    	loaderRef="test.loader"/>

	<target name="gather">
		<gather.dependencies
			baseEclipse="foo"
			projectName="bogus-name">
		
			<updatesites>
				<updatesite url="http://spin.tibco.com/milestones/release" />
			</updatesites>
			<updatesites>
				<updatesite url="http://spin.tibco.com/milestones/debug" />
			</updatesites>
			<updatesites>
				<updatesite url="http://spin.tibco.com/milestones/thirdparty" />
			</updatesites>
		</gather.dependencies>
	</target>
</project>
